command=["C:\\Users\\rafae\\AppData\\Local\\Programs\\Python\\Python312\\python.exe", "-B", "scripts/audit_field_provenance.py"]
started_at=2026-07-13T08:24:53.056264-03:00
finished_at=2026-07-13T08:24:54.517091-03:00
exit_code=1
timed_out=false

[stdout]
audit_field_provenance: FAIL
- ba-4ea3d188bb54: provenięncia incompleta para ato
- ba-4ea3d188bb54: provenięncia incompleta para ato_oficial
- ba-4ea3d188bb54: provenięncia incompleta para beneficio
- ba-4ea3d188bb54: provenięncia incompleta para benefit_type
- ba-4ea3d188bb54: provenięncia incompleta para condicao
- ba-4ea3d188bb54: provenięncia incompleta para conditions
- ba-4ea3d188bb54: provenięncia incompleta para inicio_eficacia
- ba-4ea3d188bb54: provenięncia incompleta para inicio_vigencia
- ba-4ea3d188bb54: provenięncia incompleta para legal_basis
- ba-4ea3d188bb54: provenięncia incompleta para legal_excerpt
- ba-4ea3d188bb54: provenięncia incompleta para prova_documental
- ba-4ea3d188bb54: provenięncia incompleta para publicacao
- ba-4ea3d188bb54: provenięncia incompleta para scope_summary
- ba-4ea3d188bb54: provenięncia incompleta para transicao_rt
- ba-b9748c8ac454: provenięncia incompleta para ato
- ba-b9748c8ac454: provenięncia incompleta para ato_oficial
- ba-b9748c8ac454: provenięncia incompleta para beneficio
- ba-b9748c8ac454: provenięncia incompleta para benefit_type
- ba-b9748c8ac454: provenięncia incompleta para condicao
- ba-b9748c8ac454: provenięncia incompleta para conditions
- ba-b9748c8ac454: provenięncia incompleta para inicio_eficacia
- ba-b9748c8ac454: provenięncia incompleta para inicio_vigencia
- ba-b9748c8ac454: provenięncia incompleta para legal_basis
- ba-b9748c8ac454: provenięncia incompleta para legal_excerpt
- ba-b9748c8ac454: provenięncia incompleta para prova_documental
- ba-b9748c8ac454: provenięncia incompleta para publicacao
- ba-b9748c8ac454: provenięncia incompleta para scope_summary
- ba-b9748c8ac454: provenięncia incompleta para transicao_rt
- ba-8ae0cde8886c: provenięncia incompleta para ato
- ba-8ae0cde8886c: provenięncia incompleta para ato_oficial
- ba-8ae0cde8886c: provenięncia incompleta para beneficio
- ba-8ae0cde8886c: provenięncia incompleta para benefit_type
- ba-8ae0cde8886c: provenięncia incompleta para condicao
- ba-8ae0cde8886c: provenięncia incompleta para conditions
- ba-8ae0cde8886c: provenięncia incompleta para inicio_eficacia
- ba-8ae0cde8886c: provenięncia incompleta para inicio_vigencia
- ba-8ae0cde8886c: provenięncia incompleta para legal_basis
- ba-8ae0cde8886c: provenięncia incompleta para legal_excerpt
- ba-8ae0cde8886c: provenięncia incompleta para prova_documental
- ba-8ae0cde8886c: provenięncia incompleta para publicacao
- total de cards publishable auditados=10017; falhas mostradas até o limite


[stderr]
