command=["C:\\Users\\rafae\\AppData\\Local\\Programs\\Python\\Python312\\python.exe", "-B", "scripts/audit_internalization_evidence.py"]
started_at=2026-07-13T08:24:58.853457-03:00
finished_at=2026-07-13T08:25:00.254492-03:00
exit_code=1
timed_out=false

[stdout]
audit_internalization_evidence: FAIL
- ba-4ea3d188bb54: internalizaçăo năo comprovada
- ba-b9748c8ac454: internalizaçăo năo comprovada
- ba-8ae0cde8886c: internalizaçăo năo comprovada
- ba-d5aad7dc6b0a: internalizaçăo năo comprovada
- ba-b6f8d5563474: internalizaçăo năo comprovada
- ba-06000336d842: internalizaçăo năo comprovada
- ba-df8c8b4892de: internalizaçăo năo comprovada
- ba-a40743414355: internalizaçăo năo comprovada
- ba-c9201d734184: internalizaçăo năo comprovada
- ba-5ba09ff7e4d6: internalizaçăo năo comprovada
- ba-402caaafbfe3: internalizaçăo năo comprovada
- ba-7e096b2daff7: internalizaçăo năo comprovada
- ba-069afe75d142: internalizaçăo năo comprovada
- ba-61b23645a448: internalizaçăo năo comprovada
- ba-c0b1a558bc6f: internalizaçăo năo comprovada
- ba-6ed05e5eba2a: internalizaçăo năo comprovada
- ba-01215c5c6e30: internalizaçăo năo comprovada
- ba-151a0a0da2be: internalizaçăo năo comprovada
- ba-bb6ac4658be8: internalizaçăo năo comprovada
- ba-f8db1682482c: internalizaçăo năo comprovada
- ba-57b02fba4948: internalizaçăo năo comprovada
- ba-32bfbd914caf: internalizaçăo năo comprovada
- ba-b206d372b7e6: internalizaçăo năo comprovada
- ba-0d20d273e347: internalizaçăo năo comprovada
- ba-4e6383b194d4: internalizaçăo năo comprovada
- ba-aab777a63c7f: internalizaçăo năo comprovada
- ba-66193b941056: internalizaçăo năo comprovada
- ba-f52d31f5e105: internalizaçăo năo comprovada
- ba-84a70228158c: internalizaçăo năo comprovada
- ba-105283074478: internalizaçăo năo comprovada
- ba-6a47f9398c65: internalizaçăo năo comprovada
- ba-982c5bf30deb: internalizaçăo năo comprovada
- ba-da32f3a58926: internalizaçăo năo comprovada
- ba-dcba5fc1bc59: internalizaçăo năo comprovada
- ba-bc0a27488a79: internalizaçăo năo comprovada
- ba-f4ca67135e24: internalizaçăo năo comprovada
- ba-9d551a767be3: internalizaçăo năo comprovada
- ba-fa6be2dfd8a5: internalizaçăo năo comprovada
- ba-0c588e6d0e78: internalizaçăo năo comprovada
- ba-c94f1a5dabf0: internalizaçăo năo comprovada


[stderr]
